# JRE version: OpenJDK Runtime Environment (8.0_252-b09) (build 1.8.0_252-b09)
# Java VM: OpenJDK 64-Bit Server VM (25.252-b09 mixed mode windows-amd64 compressed oops)
Heap:
 PSYoungGen      total 126976K, used 77304K [0x00000000e0000000, 0x00000000ea800000, 0x0000000100000000)
  eden space 109056K, 59% used [0x00000000e0000000,0x00000000e3f344f8,0x00000000e6a80000)
  from space 17920K, 70% used [0x00000000e6a80000,0x00000000e76c9b88,0x00000000e7c00000)
  to   space 17920K, 0% used [0x00000000e9680000,0x00000000e9680000,0x00000000ea800000)
 ParOldGen       total 193536K, used 30975K [0x00000000a0000000, 0x00000000abd00000, 0x00000000e0000000)
  object space 193536K, 16% used [0x00000000a0000000,0x00000000a1e3fc38,0x00000000abd00000)
 Metaspace       used 73767K, capacity 83792K, committed 84116K, reserved 1122304K
  class space    used 10495K, capacity 11109K, committed 11196K, reserved 1048576K
GC Heap History (10 events):
Event: 2.444 GC heap before
{Heap before GC invocations=6 (full 2):
 PSYoungGen      total 88064K, used 7656K [0x00000000e0000000, 0x00000000e5f00000, 0x0000000100000000)
  eden space 80384K, 0% used [0x00000000e0000000,0x00000000e0000000,0x00000000e4e80000)
  from space 7680K, 99% used [0x00000000e5600000,0x00000000e5d7a240,0x00000000e5d80000)
  to   space 7680K, 0% used [0x00000000e4e80000,0x00000000e4e80000,0x00000000e5600000)
 ParOldGen       total 74752K, used 17362K [0x00000000a0000000, 0x00000000a4900000, 0x00000000e0000000)
  object space 74752K, 23% used [0x00000000a0000000,0x00000000a10f4a70,0x00000000a4900000)
 Metaspace       used 33852K, capacity 35379K, committed 35416K, reserved 1079296K
  class space    used 4720K, capacity 4962K, committed 4992K, reserved 1048576K
Event: 2.494 GC heap after
Heap after GC invocations=6 (full 2):
 PSYoungGen      total 88064K, used 0K [0x00000000e0000000, 0x00000000e5f00000, 0x0000000100000000)
  eden space 80384K, 0% used [0x00000000e0000000,0x00000000e0000000,0x00000000e4e80000)
  from space 7680K, 0% used [0x00000000e5600000,0x00000000e5600000,0x00000000e5d80000)
  to   space 7680K, 0% used [0x00000000e4e80000,0x00000000e4e80000,0x00000000e5600000)
 ParOldGen       total 138752K, used 21764K [0x00000000a0000000, 0x00000000a8780000, 0x00000000e0000000)
  object space 138752K, 15% used [0x00000000a0000000,0x00000000a15411c0,0x00000000a8780000)
 Metaspace       used 33852K, capacity 35379K, committed 35416K, reserved 1079296K
  class space    used 4720K, capacity 4962K, committed 4992K, reserved 1048576K
}
Event: 3.533 GC heap before
{Heap before GC invocations=7 (full 2):
 PSYoungGen      total 88064K, used 80384K [0x00000000e0000000, 0x00000000e5f00000, 0x0000000100000000)
  eden space 80384K, 100% used [0x00000000e0000000,0x00000000e4e80000,0x00000000e4e80000)
  from space 7680K, 0% used [0x00000000e5600000,0x00000000e5600000,0x00000000e5d80000)
  to   space 7680K, 0% used [0x00000000e4e80000,0x00000000e4e80000,0x00000000e5600000)
 ParOldGen       total 138752K, used 21764K [0x00000000a0000000, 0x00000000a8780000, 0x00000000e0000000)
  object space 138752K, 15% used [0x00000000a0000000,0x00000000a15411c0,0x00000000a8780000)
 Metaspace       used 46267K, capacity 48949K, committed 49112K, reserved 1091584K
  class space    used 6122K, capacity 6394K, committed 6400K, reserved 1048576K
Event: 3.541 GC heap after
Heap after GC invocations=7 (full 2):
 PSYoungGen      total 88064K, used 7670K [0x00000000e0000000, 0x00000000e9000000, 0x0000000100000000)
  eden space 80384K, 0% used [0x00000000e0000000,0x00000000e0000000,0x00000000e4e80000)
  from space 7680K, 99% used [0x00000000e4e80000,0x00000000e55fd950,0x00000000e5600000)
  to   space 18944K, 0% used [0x00000000e7d80000,0x00000000e7d80000,0x00000000e9000000)
 ParOldGen       total 138752K, used 26315K [0x00000000a0000000, 0x00000000a8780000, 0x00000000e0000000)
  object space 138752K, 18% used [0x00000000a0000000,0x00000000a19b2c80,0x00000000a8780000)
 Metaspace       used 46267K, capacity 48949K, committed 49112K, reserved 1091584K
  class space    used 6122K, capacity 6394K, committed 6400K, reserved 1048576K
}
Event: 4.505 GC heap before
{Heap before GC invocations=8 (full 2):
 PSYoungGen      total 88064K, used 77830K [0x00000000e0000000, 0x00000000e9000000, 0x0000000100000000)
  eden space 80384K, 87% used [0x00000000e0000000,0x00000000e44841e0,0x00000000e4e80000)
  from space 7680K, 99% used [0x00000000e4e80000,0x00000000e55fd950,0x00000000e5600000)
  to   space 18944K, 0% used [0x00000000e7d80000,0x00000000e7d80000,0x00000000e9000000)
 ParOldGen       total 138752K, used 26315K [0x00000000a0000000, 0x00000000a8780000, 0x00000000e0000000)
  object space 138752K, 18% used [0x00000000a0000000,0x00000000a19b2c80,0x00000000a8780000)
 Metaspace       used 54707K, capacity 58952K, committed 59028K, reserved 1101824K
  class space    used 7211K, capacity 7584K, committed 7612K, reserved 1048576K
Event: 4.520 GC heap after
Heap after GC invocations=8 (full 2):
 PSYoungGen      total 125440K, used 11488K [0x00000000e0000000, 0x00000000e8d80000, 0x0000000100000000)
  eden space 109056K, 0% used [0x00000000e0000000,0x00000000e0000000,0x00000000e6a80000)
  from space 16384K, 70% used [0x00000000e7d80000,0x00000000e88b8080,0x00000000e8d80000)
  to   space 17920K, 0% used [0x00000000e6a80000,0x00000000e6a80000,0x00000000e7c00000)
 ParOldGen       total 138752K, used 26323K [0x00000000a0000000, 0x00000000a8780000, 0x00000000e0000000)
  object space 138752K, 18% used [0x00000000a0000000,0x00000000a19b4c80,0x00000000a8780000)
 Metaspace       used 54707K, capacity 58952K, committed 59028K, reserved 1101824K
  class space    used 7211K, capacity 7584K, committed 7612K, reserved 1048576K
}
Event: 4.520 GC heap before
{Heap before GC invocations=9 (full 3):
 PSYoungGen      total 125440K, used 11488K [0x00000000e0000000, 0x00000000e8d80000, 0x0000000100000000)
  eden space 109056K, 0% used [0x00000000e0000000,0x00000000e0000000,0x00000000e6a80000)
  from space 16384K, 70% used [0x00000000e7d80000,0x00000000e88b8080,0x00000000e8d80000)
  to   space 17920K, 0% used [0x00000000e6a80000,0x00000000e6a80000,0x00000000e7c00000)
 ParOldGen       total 138752K, used 26323K [0x00000000a0000000, 0x00000000a8780000, 0x00000000e0000000)
  object space 138752K, 18% used [0x00000000a0000000,0x00000000a19b4c80,0x00000000a8780000)
 Metaspace       used 54707K, capacity 58952K, committed 59028K, reserved 1101824K
  class space    used 7211K, capacity 7584K, committed 7612K, reserved 1048576K
Event: 4.666 GC heap after
Heap after GC invocations=9 (full 3):
 PSYoungGen      total 125440K, used 0K [0x00000000e0000000, 0x00000000e8d80000, 0x0000000100000000)
  eden space 109056K, 0% used [0x00000000e0000000,0x00000000e0000000,0x00000000e6a80000)
  from space 16384K, 0% used [0x00000000e7d80000,0x00000000e7d80000,0x00000000e8d80000)
  to   space 17920K, 0% used [0x00000000e6a80000,0x00000000e6a80000,0x00000000e7c00000)
 ParOldGen       total 193536K, used 30967K [0x00000000a0000000, 0x00000000abd00000, 0x00000000e0000000)
  object space 193536K, 16% used [0x00000000a0000000,0x00000000a1e3dc38,0x00000000abd00000)
 Metaspace       used 54707K, capacity 58952K, committed 59028K, reserved 1101824K
  class space    used 7211K, capacity 7584K, committed 7612K, reserved 1048576K
}
Event: 6.757 GC heap before
{Heap before GC invocations=10 (full 3):
 PSYoungGen      total 125440K, used 109056K [0x00000000e0000000, 0x00000000e8d80000, 0x0000000100000000)
  eden space 109056K, 100% used [0x00000000e0000000,0x00000000e6a80000,0x00000000e6a80000)
  from space 16384K, 0% used [0x00000000e7d80000,0x00000000e7d80000,0x00000000e8d80000)
  to   space 17920K, 0% used [0x00000000e6a80000,0x00000000e6a80000,0x00000000e7c00000)
 ParOldGen       total 193536K, used 30967K [0x00000000a0000000, 0x00000000abd00000, 0x00000000e0000000)
  object space 193536K, 16% used [0x00000000a0000000,0x00000000a1e3dc38,0x00000000abd00000)
 Metaspace       used 66947K, capacity 75904K, committed 76180K, reserved 1116160K
  class space    used 9525K, capacity 10073K, committed 10172K, reserved 1048576K
Event: 6.770 GC heap after
Heap after GC invocations=10 (full 3):
 PSYoungGen      total 126976K, used 12582K [0x00000000e0000000, 0x00000000ea800000, 0x0000000100000000)
  eden space 109056K, 0% used [0x00000000e0000000,0x00000000e0000000,0x00000000e6a80000)
  from space 17920K, 70% used [0x00000000e6a80000,0x00000000e76c9b88,0x00000000e7c00000)
  to   space 17920K, 0% used [0x00000000e9680000,0x00000000e9680000,0x00000000ea800000)
 ParOldGen       total 193536K, used 30975K [0x00000000a0000000, 0x00000000abd00000, 0x00000000e0000000)
  object space 193536K, 16% used [0x00000000a0000000,0x00000000a1e3fc38,0x00000000abd00000)
 Metaspace       used 66947K, capacity 75904K, committed 76180K, reserved 1116160K
  class space    used 9525K, capacity 10073K, committed 10172K, reserved 1048576K
}

